[ 2017-10-17T09:49:49+08:00 ] 127.0.0.1 /web/daikaun/index.php?g=Admin&m=public&a=dologin
INFO: [ app_begin ] --START--
INFO: Run Behavior\ReadHtmlCacheBehavior [ RunTime:0.000481s ]
INFO: Run Behavior\CheckLangBehavior [ RunTime:0.000620s ]
INFO: Run Common\Behavior\UrldecodeGetBehavior [ RunTime:0.000136s ]
INFO: [ app_begin ] --END-- [ RunTime:0.001756s ]
INFO: [ admin_begin ] --START--
INFO: Run Common\Behavior\AdminDefaultLangBehavior [ RunTime:0.000785s ]
INFO: [ admin_begin ] --END-- [ RunTime:0.000872s ]
SQL: SHOW COLUMNS FROM `dk_users` [ RunTime:0.0062s ]
SQL: SELECT * FROM `dk_users` WHERE `user_login` = 'admin' LIMIT 1   [ RunTime:0.0012s ]
SQL: SHOW COLUMNS FROM `dk_role_user` [ RunTime:0.0027s ]
SQL: SELECT `role_id` FROM dk_role_user a INNER JOIN dk_role as b on a.role_id =b.id  WHERE `user_id` = '1' AND `status` = 1  [ RunTime:0.0031s ]
SQL: UPDATE `dk_users` SET `user_login`='admin',`user_pass`='###0cd65a782c32c8200ac911602a225b9f',`user_nicename`='admin',`user_email`='admin@admin.com',`user_url`='',`avatar`='',`sex`='0',`birthday`='2000-01-01',`signature`='',`last_login_ip`='127.0.0.1',`last_login_time`='2017-10-17 09:49:49',`create_time`='2017-08-15 11:16:45',`user_activation_key`='',`user_status`='1',`score`='0',`user_type`='1',`coin`='0',`mobile`='' WHERE `id` = '1' [ RunTime:0.0004s ]

[ 2017-10-17T11:54:28+08:00 ] 127.0.0.1 /web/daikaun/index.php?g=Admin&m=public&a=dologin
INFO: [ app_begin ] --START--
INFO: Run Behavior\ReadHtmlCacheBehavior [ RunTime:0.000481s ]
INFO: Run Behavior\CheckLangBehavior [ RunTime:0.000631s ]
INFO: Run Common\Behavior\UrldecodeGetBehavior [ RunTime:0.000130s ]
INFO: [ app_begin ] --END-- [ RunTime:0.001680s ]
INFO: [ admin_begin ] --START--
INFO: Run Common\Behavior\AdminDefaultLangBehavior [ RunTime:0.000933s ]
INFO: [ admin_begin ] --END-- [ RunTime:0.001031s ]
SQL: SHOW COLUMNS FROM `dk_users` [ RunTime:0.0061s ]
SQL: SELECT * FROM `dk_users` WHERE `user_login` = 'admin' LIMIT 1   [ RunTime:0.0028s ]
SQL: SHOW COLUMNS FROM `dk_role_user` [ RunTime:0.0051s ]
SQL: SELECT `role_id` FROM dk_role_user a INNER JOIN dk_role as b on a.role_id =b.id  WHERE `user_id` = '1' AND `status` = 1  [ RunTime:0.0054s ]
SQL: UPDATE `dk_users` SET `user_login`='admin',`user_pass`='###0cd65a782c32c8200ac911602a225b9f',`user_nicename`='admin',`user_email`='admin@admin.com',`user_url`='',`avatar`='',`sex`='0',`birthday`='2000-01-01',`signature`='',`last_login_ip`='127.0.0.1',`last_login_time`='2017-10-17 11:54:28',`create_time`='2017-08-15 11:16:45',`user_activation_key`='',`user_status`='1',`score`='0',`user_type`='1',`coin`='0',`mobile`='' WHERE `id` = '1' [ RunTime:0.0009s ]

[ 2017-10-17T14:37:29+08:00 ] 127.0.0.1 /web/daikaun/index.php?g=Admin&m=Menu&a=index
NOTIC: D方法实例化没找到模型类Common\Model\AuthRuleModel

[ 2017-10-17T14:37:36+08:00 ] 127.0.0.1 /web/daikaun/index.php?g=Admin&m=Menu&a=edit&id=39&menuid=
NOTIC: D方法实例化没找到模型类Common\Model\AuthRuleModel

[ 2017-10-17T14:37:41+08:00 ] 127.0.0.1 /web/daikaun/index.php?g=Admin&m=Menu&a=edit_post
INFO: [ app_begin ] --START--
INFO: Run Behavior\ReadHtmlCacheBehavior [ RunTime:0.000742s ]
INFO: Run Behavior\CheckLangBehavior [ RunTime:0.001352s ]
INFO: Run Common\Behavior\UrldecodeGetBehavior [ RunTime:0.000226s ]
INFO: [ app_begin ] --END-- [ RunTime:0.002746s ]
INFO: [ admin_begin ] --START--
INFO: Run Common\Behavior\AdminDefaultLangBehavior [ RunTime:0.000913s ]
INFO: [ admin_begin ] --END-- [ RunTime:0.001000s ]
SQL: SHOW COLUMNS FROM `dk_users` [ RunTime:0.0049s ]
SQL: SELECT * FROM `dk_users` WHERE `id` = '1' LIMIT 1   [ RunTime:0.0002s ]
SQL: SHOW COLUMNS FROM `dk_menu` [ RunTime:0.0048s ]
NOTIC: D方法实例化没找到模型类Common\Model\AuthRuleModel
SQL: SHOW COLUMNS FROM `dk_auth_rule` [ RunTime:0.0035s ]
SQL: SELECT * FROM `dk_menu` WHERE `id` = 39 LIMIT 1   [ RunTime:0.0003s ]
NOTIC: [8] Undefined index: validate /Users/aibaimm/Documents/myproject/web/php/web/daikaun/simplewind/Core/Library/Think/Model.class.php 第 1185 行.
SQL: SELECT `id` FROM `dk_menu` WHERE `app` = 'Admin' AND `model` = 'Extension' AND `action` = 'default' LIMIT 1   [ RunTime:0.0003s ]
NOTIC: [8] Undefined index: auto /Users/aibaimm/Documents/myproject/web/php/web/daikaun/simplewind/Core/Library/Think/Model.class.php 第 1128 行.
SQL: UPDATE `dk_menu` SET `parentid`='0',`name`='扩展工具',`app`='Admin',`model`='Extension',`action`='default',`data`='',`icon`='cloud',`remark`='',`status`='1',`type`='0' WHERE `id` = 39 [ RunTime:0.0006s ]
SQL: SELECT COUNT(*) AS tp_count FROM `dk_auth_rule` WHERE `name` = 'admin/extension/default' LIMIT 1   [ RunTime:0.0052s ]
SQL: UPDATE `dk_auth_rule` SET `name`='admin/extension/default',`module`='Admin',`type`='admin_url',`title`='扩展工具' WHERE `name` = 'admin/extension/default' [ RunTime:0.0015s ]
SQL: SELECT * FROM `dk_menu` WHERE `app` = 'Admin' ORDER BY `listorder` ASC,`app` ASC,`model` ASC,`action` ASC  [ RunTime:0.0015s ]
NOTIC: [2] mkdir(): File exists /Users/aibaimm/Documents/myproject/web/php/web/daikaun/application/Admin/Controller/MenuController.class.php 第 247 行.

[ 2017-10-17T14:37:41+08:00 ] 127.0.0.1 /web/daikaun/index.php?g=Admin&m=Menu&a=edit&id=39&menuid=
NOTIC: D方法实例化没找到模型类Common\Model\AuthRuleModel

[ 2017-10-17T14:38:00+08:00 ] 127.0.0.1 /web/daikaun/index.php?g=Admin&m=plugin&a=uninstall&id=2
INFO: [ app_begin ] --START--
INFO: Run Behavior\ReadHtmlCacheBehavior [ RunTime:0.000450s ]
INFO: Run Behavior\CheckLangBehavior [ RunTime:0.000683s ]
INFO: Run Common\Behavior\UrldecodeGetBehavior [ RunTime:0.000126s ]
INFO: [ app_begin ] --END-- [ RunTime:0.001632s ]
INFO: [ admin_begin ] --START--
INFO: Run Common\Behavior\AdminDefaultLangBehavior [ RunTime:0.000706s ]
INFO: [ admin_begin ] --END-- [ RunTime:0.000768s ]
SQL: SHOW COLUMNS FROM `dk_users` [ RunTime:0.0049s ]
SQL: SELECT * FROM `dk_users` WHERE `id` = '1' LIMIT 1   [ RunTime:0.0004s ]
SQL: SHOW COLUMNS FROM `dk_plugins` [ RunTime:0.0063s ]
SQL: SELECT * FROM `dk_plugins` WHERE `id` = 2 LIMIT 1   [ RunTime:0.0003s ]
SQL: SHOW COLUMNS FROM `dk_plugins` [ RunTime:0.0064s ]
SQL: SELECT `config` FROM `dk_plugins` WHERE `name` = 'Demo' LIMIT 1   [ RunTime:0.0003s ]
NOTIC: [8] Undefined index: theme /Users/aibaimm/Documents/myproject/web/php/web/daikaun/application/Common/Lib/Plugin.class.php 第 67 行.
SQL: DELETE FROM `dk_plugins` WHERE `name` = 'Demo' [ RunTime:0.0003s ]

