[ 2017-10-16T09:33:52+08:00 ] 127.0.0.1 /web/daikaun/index.php?g=Admin&m=public&a=dologin
INFO: [ app_begin ] --START--
INFO: Run Behavior\ReadHtmlCacheBehavior [ RunTime:0.000516s ]
INFO: Run Behavior\CheckLangBehavior [ RunTime:0.000727s ]
INFO: Run Common\Behavior\UrldecodeGetBehavior [ RunTime:0.000144s ]
INFO: [ app_begin ] --END-- [ RunTime:0.001851s ]
INFO: [ admin_begin ] --START--
INFO: Run Common\Behavior\AdminDefaultLangBehavior [ RunTime:0.000646s ]
INFO: [ admin_begin ] --END-- [ RunTime:0.000728s ]
SQL: SHOW COLUMNS FROM `dk_users` [ RunTime:0.0090s ]
SQL: SELECT * FROM `dk_users` WHERE `user_login` = 'admin' LIMIT 1   [ RunTime:0.0016s ]
SQL: SHOW COLUMNS FROM `dk_role_user` [ RunTime:0.0072s ]
SQL: SELECT `role_id` FROM dk_role_user a INNER JOIN dk_role as b on a.role_id =b.id  WHERE `user_id` = '1' AND `status` = 1  [ RunTime:0.0045s ]
SQL: UPDATE `dk_users` SET `user_login`='admin',`user_pass`='###0cd65a782c32c8200ac911602a225b9f',`user_nicename`='admin',`user_email`='admin@admin.com',`user_url`='',`avatar`='',`sex`='0',`birthday`='2000-01-01',`signature`='',`last_login_ip`='127.0.0.1',`last_login_time`='2017-10-16 09:33:52',`create_time`='2017-08-15 11:16:45',`user_activation_key`='',`user_status`='1',`score`='0',`user_type`='1',`coin`='0',`mobile`='' WHERE `id` = '1' [ RunTime:0.0010s ]

[ 2017-10-16T11:50:44+08:00 ] 127.0.0.1 /web/daikaun/index.php?g=Admin&m=public&a=dologin
INFO: [ app_begin ] --START--
INFO: Run Behavior\ReadHtmlCacheBehavior [ RunTime:0.000695s ]
INFO: Run Behavior\CheckLangBehavior [ RunTime:0.000941s ]
INFO: Run Common\Behavior\UrldecodeGetBehavior [ RunTime:0.000212s ]
INFO: [ app_begin ] --END-- [ RunTime:0.002451s ]
INFO: [ admin_begin ] --START--
INFO: Run Common\Behavior\AdminDefaultLangBehavior [ RunTime:0.001009s ]
INFO: [ admin_begin ] --END-- [ RunTime:0.001118s ]
SQL: SHOW COLUMNS FROM `dk_users` [ RunTime:0.0120s ]
SQL: SELECT * FROM `dk_users` WHERE `user_login` = 'admin' LIMIT 1   [ RunTime:0.0002s ]
SQL: SHOW COLUMNS FROM `dk_role_user` [ RunTime:0.0013s ]
SQL: SELECT `role_id` FROM dk_role_user a INNER JOIN dk_role as b on a.role_id =b.id  WHERE `user_id` = '1' AND `status` = 1  [ RunTime:0.0002s ]
SQL: UPDATE `dk_users` SET `user_login`='admin',`user_pass`='###0cd65a782c32c8200ac911602a225b9f',`user_nicename`='admin',`user_email`='admin@admin.com',`user_url`='',`avatar`='',`sex`='0',`birthday`='2000-01-01',`signature`='',`last_login_ip`='127.0.0.1',`last_login_time`='2017-10-16 11:50:44',`create_time`='2017-08-15 11:16:45',`user_activation_key`='',`user_status`='1',`score`='0',`user_type`='1',`coin`='0',`mobile`='' WHERE `id` = '1' [ RunTime:0.0004s ]

[ 2017-10-16T17:05:20+08:00 ] 127.0.0.1 /web/daikaun/index.php?g=Admin&m=Menu&a=index
NOTIC: D方法实例化没找到模型类Common\Model\AuthRuleModel

