[ 2017-10-11T08:38:20+08:00 ] 127.0.0.1 /web/daikaun/index.php?g=user&m=index&a=is_login
INFO: [ app_begin ] --START--
INFO: Run Behavior\ReadHtmlCacheBehavior [ RunTime:0.000414s ]
INFO: Run Behavior\CheckLangBehavior [ RunTime:0.003710s ]
INFO: Run Common\Behavior\UrldecodeGetBehavior [ RunTime:0.000260s ]
INFO: [ app_begin ] --END-- [ RunTime:0.004793s ]
SQL: SHOW COLUMNS FROM `dk_options` [ RunTime:0.0026s ]
SQL: SELECT * FROM `dk_options` WHERE ( option_name='site_options' ) LIMIT 1   [ RunTime:0.0003s ]
NOTIC: [8] Undefined index: url /Users/aibaimm/Documents/myproject/web/php/web/daikaun/application/Common/Controller/AppframeController.class.php 第 22 行.

[ 2017-10-11T13:42:40+08:00 ] 127.0.0.1 /web/daikaun/index.php?g=user&m=index&a=is_login
INFO: [ app_begin ] --START--
INFO: Run Behavior\ReadHtmlCacheBehavior [ RunTime:0.000610s ]
INFO: Run Behavior\CheckLangBehavior [ RunTime:0.002801s ]
INFO: Run Common\Behavior\UrldecodeGetBehavior [ RunTime:0.000171s ]
INFO: [ app_begin ] --END-- [ RunTime:0.004150s ]
NOTIC: [8] Undefined index: url /Users/aibaimm/Documents/myproject/web/php/web/daikaun/application/Common/Controller/AppframeController.class.php 第 22 行.

[ 2017-10-11T13:55:10+08:00 ] 127.0.0.1 /web/daikaun/index.php?g=user&m=index&a=is_login
INFO: [ app_begin ] --START--
INFO: Run Behavior\ReadHtmlCacheBehavior [ RunTime:0.000453s ]
INFO: Run Behavior\CheckLangBehavior [ RunTime:0.002669s ]
INFO: Run Common\Behavior\UrldecodeGetBehavior [ RunTime:0.000299s ]
INFO: [ app_begin ] --END-- [ RunTime:0.003979s ]
NOTIC: [8] Undefined index: url /Users/aibaimm/Documents/myproject/web/php/web/daikaun/application/Common/Controller/AppframeController.class.php 第 22 行.

